============================= test session starts =============================
platform win32 -- Python 3.10.20, pytest-9.1.1, pluggy-1.6.0 -- C:\Users\liang\miniconda3\envs\hitl-qda\python.exe
cachedir: .pytest_cache
rootdir: C:\Users\liang\Desktop\GitHub Repo\Human-In-The-Loop-Qualitative-Analysis
configfile: pyproject.toml
plugins: anyio-4.14.2
collecting ... collected 2 items

tests/test_optional_compatibility.py::test_export_row_with_configured_upstream_loader PASSED [ 50%]
tests/test_optional_compatibility.py::test_first_twenty_real_rows_include_all_heading_contracts FAILED [100%]

================================== FAILURES ===================================
__________ test_first_twenty_real_rows_include_all_heading_contracts __________

    @pytest.mark.real_data_compat
    def test_first_twenty_real_rows_include_all_heading_contracts() -> None:
        path_value = os.environ.get("DPO_REFERENCE_JSONL")
        if not path_value:
            pytest.skip("Set DPO_REFERENCE_JSONL to preference_pairs_category_evidence.jsonl.")
        categories: set[str] = set()
        inspected = 0
>       with Path(path_value).open("r", encoding="utf-8") as handle:

tests\test_optional_compatibility.py:38: 
_ _ _ _ _ _ _ _ _ _ _ _ _ _ _ _ _ _ _ _ _ _ _ _ _ _ _ _ _ _ _ _ _ _ _ _ _ _ _ _

self = WindowsPath('X:/DPO/data/dpo_preference_pairs/reflective_question_dpo_pairs_20260725_110033/preference_pairs_category_evidence.jsonl')
mode = 'r', buffering = -1, encoding = 'utf-8', errors = None, newline = None

    def open(self, mode='r', buffering=-1, encoding=None,
             errors=None, newline=None):
        """
        Open the file pointed by this path and return a file object, as
        the built-in open() function does.
        """
        if "b" not in mode:
            encoding = io.text_encoding(encoding)
>       return self._accessor.open(self, mode, buffering, encoding, errors,
                                   newline)
E       FileNotFoundError: [Errno 2] No such file or directory: 'X:\\DPO\\data\\dpo_preference_pairs\\reflective_question_dpo_pairs_20260725_110033\\preference_pairs_category_evidence.jsonl'

..\..\..\miniconda3\envs\hitl-qda\lib\pathlib.py:1119: FileNotFoundError
=========================== short test summary info ===========================
FAILED tests/test_optional_compatibility.py::test_first_twenty_real_rows_include_all_heading_contracts - FileNotFoundError: [Errno 2] No such file or directory: 'X:\\DPO\\data\\dpo_preference_pairs\\reflective_question_dpo_pairs_20260725_110033\\preference_pairs_category_evidence.jsonl'
========================= 1 failed, 1 passed in 0.28s =========================
